#
# An unexpected error has occurred (11)
#
Stack:
/lib/x86_64-linux-gnu/libc.so.6(+0x354a0) [0x7fdf7e44c4a0]
/home/mark01/Vivado/2016.4/lib/lnx64.o/librdi_synth.so(operator-(UStatCpu const&, UStatCpu const&)+0x1e) [0x7fdf4f8a631e]
/home/mark01/Vivado/2016.4/lib/lnx64.o/librdi_synth.so(checkUserTime(char const*, UStatCpu*&, int, DFGraph*)+0x5d) [0x7fdf4ef4e49d]
/home/mark01/Vivado/2016.4/lib/lnx64.o/librdi_synth.so(GLogicBddToGate::generate(BDD const&, BDD const&, int, SPin*, SPin**, bool, bool, bool, bool)+0x2029) [0x7fdf4ef3d129]
/home/mark01/Vivado/2016.4/lib/lnx64.o/librdi_synth.so(GLogicGenerate::implement(DFPin*)+0x859) [0x7fdf4ef550a9]
/home/mark01/Vivado/2016.4/lib/lnx64.o/librdi_synth.so(GLogicGenerate::generate()+0x154) [0x7fdf4ef55984]
/home/mark01/Vivado/2016.4/lib/lnx64.o/librdi_synth.so(GLogicGenerate::GLogicGenerate(DFGraph*, NBaseMod, Cudd&, bool, GLogicBddToGate*)+0x3b8) [0x7fdf4ef560a8]
/home/mark01/Vivado/2016.4/lib/lnx64.o/librdi_synth.so(GLogicGen::regenerate(bool, bool)+0x6d) [0x7fdf4ef561ad]
/home/mark01/Vivado/2016.4/lib/lnx64.o/librdi_synth.so(HARTGLogicGen::regenerate(bool, bool)+0xf5) [0x7fdf4e993ee5]
/home/mark01/Vivado/2016.4/lib/lnx64.o/librdi_synth.so(GLogicGen::generate(bool, bool)+0x2a) [0x7fdf4ef4e62a]
/home/mark01/Vivado/2016.4/lib/lnx64.o/librdi_synth.so(GLogic::GLogic(NRealMod, DFGraph*, bool, bool)+0x63) [0x7fdf4f2af743]
/home/mark01/Vivado/2016.4/lib/lnx64.o/librdi_synth.so(HSynMod::createGraph(DFNode*, bool)+0xad6) [0x7fdf4f1cc436]
/home/mark01/Vivado/2016.4/lib/lnx64.o/librdi_synth.so(HSynMod::connectGraph(DFNode*)+0x10f) [0x7fdf4f1deeef]
/home/mark01/Vivado/2016.4/lib/lnx64.o/librdi_synth.so(HSynMod::connectInputPin(SPinArray*, DFPin*)+0x257) [0x7fdf4f1dd8a7]
/home/mark01/Vivado/2016.4/lib/lnx64.o/librdi_synth.so(HSynMod::connectGraph(DFNode*)+0xb1) [0x7fdf4f1dee91]
/home/mark01/Vivado/2016.4/lib/lnx64.o/librdi_synth.so(HSynMod::connectInputPin(SPinArray*, DFPin*)+0x257) [0x7fdf4f1dd8a7]
/home/mark01/Vivado/2016.4/lib/lnx64.o/librdi_synth.so(HSynMod::connectInputPin(DFPin*)+0x5d) [0x7fdf4f1ddaad]
/home/mark01/Vivado/2016.4/lib/lnx64.o/librdi_synth.so(HSynMod::connectNets()+0x34) [0x7fdf4f1deb74]
/home/mark01/Vivado/2016.4/lib/lnx64.o/librdi_synth.so(HSynMod::regenerate(bool)+0x24) [0x7fdf4f1d9994]
/home/mark01/Vivado/2016.4/lib/lnx64.o/librdi_synth.so(GSyn::generateFpga(NRealMod, bool)+0x54e) [0x7fdf4eec3aee]
/home/mark01/Vivado/2016.4/lib/lnx64.o/librdi_synth.so(GSyn::generate(NRealMod, bool)+0x3a8) [0x7fdf4eec41b8]
/home/mark01/Vivado/2016.4/lib/lnx64.o/librdi_synth.so(NRealMod::regenerate(bool)+0x25) [0x7fdf4eec4235]
/home/mark01/Vivado/2016.4/lib/lnx64.o/librdi_synth.so(HARTNDb::HARTMergeResynPartitionsR(NRealMod, HARTNDb::MergePhase)+0x240e) [0x7fdf4e6848ee]
/home/mark01/Vivado/2016.4/lib/lnx64.o/librdi_synth.so(HARTNDb::HARTMergeResynPartitions(NRealMod, HARTNDb::MergePhase)+0x22e) [0x7fdf4e6859de]
/home/mark01/Vivado/2016.4/lib/lnx64.o/librdi_synth.so(HARTNDb::reSynthReInfer(bool)+0x6e) [0x7fdf4e685aee]
/home/mark01/Vivado/2016.4/lib/lnx64.o/librdi_synth.so(+0xc421fa) [0x7fdf4e8341fa]
/home/mark01/Vivado/2016.4/lib/lnx64.o/librdi_synth.so(+0xb4b265) [0x7fdf4e73d265]
/home/mark01/Vivado/2016.4/lib/lnx64.o/libtcl8.5.so(+0x331f5) [0x7fdf7a3fb1f5]
/home/mark01/Vivado/2016.4/lib/lnx64.o/libtcl8.5.so(+0x34d6b) [0x7fdf7a3fcd6b]
/home/mark01/Vivado/2016.4/lib/lnx64.o/libtcl8.5.so(Tcl_EvalEx+0x16) [0x7fdf7a3fd276]
/home/mark01/Vivado/2016.4/lib/lnx64.o/libtcl8.5.so(TclEvalObjEx+0x213) [0x7fdf7a3fd4c3]
/home/mark01/Vivado/2016.4/lib/lnx64.o/libtcl8.5.so(+0x3b745) [0x7fdf7a403745]
/home/mark01/Vivado/2016.4/lib/lnx64.o/libtcl8.5.so(+0x331f5) [0x7fdf7a3fb1f5]
/home/mark01/Vivado/2016.4/lib/lnx64.o/libtcl8.5.so(+0x76bbe) [0x7fdf7a43ebbe]
/home/mark01/Vivado/2016.4/lib/lnx64.o/libtcl8.5.so(+0x7e767) [0x7fdf7a446767]
/home/mark01/Vivado/2016.4/lib/lnx64.o/libtcl8.5.so(TclEvalObjEx+0x77) [0x7fdf7a3fd327]
/home/mark01/Vivado/2016.4/lib/lnx64.o/librdi_commontasks.so(+0x2d0887) [0x7fdf75d03887]
/home/mark01/Vivado/2016.4/lib/lnx64.o/libtcl8.5.so(+0x331f5) [0x7fdf7a3fb1f5]
/home/mark01/Vivado/2016.4/lib/lnx64.o/libtcl8.5.so(+0x76bbe) [0x7fdf7a43ebbe]
/home/mark01/Vivado/2016.4/lib/lnx64.o/libtcl8.5.so(TclObjInterpProcCore+0x2fb) [0x7fdf7a47fb8b]
/home/mark01/Vivado/2016.4/lib/lnx64.o/libtcl8.5.so(+0x331f5) [0x7fdf7a3fb1f5]
/home/mark01/Vivado/2016.4/lib/lnx64.o/libtcl8.5.so(+0x76bbe) [0x7fdf7a43ebbe]
/home/mark01/Vivado/2016.4/lib/lnx64.o/libtcl8.5.so(TclObjInterpProcCore+0x2fb) [0x7fdf7a47fb8b]
/home/mark01/Vivado/2016.4/lib/lnx64.o/libtcl8.5.so(+0x331f5) [0x7fdf7a3fb1f5]
/home/mark01/Vivado/2016.4/lib/lnx64.o/libtcl8.5.so(+0x76bbe) [0x7fdf7a43ebbe]
/home/mark01/Vivado/2016.4/lib/lnx64.o/libtcl8.5.so(TclObjInterpProcCore+0x2fb) [0x7fdf7a47fb8b]
/home/mark01/Vivado/2016.4/lib/lnx64.o/libtcl8.5.so(+0x331f5) [0x7fdf7a3fb1f5]
/home/mark01/Vivado/2016.4/lib/lnx64.o/libtcl8.5.so(+0x34d6b) [0x7fdf7a3fcd6b]
/home/mark01/Vivado/2016.4/lib/lnx64.o/libtcl8.5.so(Tcl_EvalEx+0x16) [0x7fdf7a3fd276]
/home/mark01/Vivado/2016.4/lib/lnx64.o/libtcl8.5.so(TclEvalObjEx+0x213) [0x7fdf7a3fd4c3]
/home/mark01/Vivado/2016.4/lib/lnx64.o/libtcl8.5.so(+0x3b745) [0x7fdf7a403745]
/home/mark01/Vivado/2016.4/lib/lnx64.o/libtcl8.5.so(+0x331f5) [0x7fdf7a3fb1f5]
/home/mark01/Vivado/2016.4/lib/lnx64.o/libtcl8.5.so(+0x76bbe) [0x7fdf7a43ebbe]
/home/mark01/Vivado/2016.4/lib/lnx64.o/libtcl8.5.so(+0x7e767) [0x7fdf7a446767]
/home/mark01/Vivado/2016.4/lib/lnx64.o/libtcl8.5.so(TclEvalObjEx+0x77) [0x7fdf7a3fd327]
/home/mark01/Vivado/2016.4/lib/lnx64.o/libtcl8.5.so(+0x3eb6a) [0x7fdf7a406b6a]
/home/mark01/Vivado/2016.4/lib/lnx64.o/libtcl8.5.so(+0x331f5) [0x7fdf7a3fb1f5]
/home/mark01/Vivado/2016.4/lib/lnx64.o/libtcl8.5.so(+0x34d6b) [0x7fdf7a3fcd6b]
/home/mark01/Vivado/2016.4/lib/lnx64.o/libtcl8.5.so(Tcl_EvalEx+0x16) [0x7fdf7a3fd276]
/home/mark01/Vivado/2016.4/lib/lnx64.o/libtcl8.5.so(Tcl_FSEvalFileEx+0x1d2) [0x7fdf7a461d02]
/home/mark01/Vivado/2016.4/lib/lnx64.o/librdi_commontasks.so(+0x2edfb2) [0x7fdf75d20fb2]
/home/mark01/Vivado/2016.4/lib/lnx64.o/librdi_common.so(+0x5f8f37) [0x7fdf7f4fbf37]
/home/mark01/Vivado/2016.4/lib/lnx64.o/libtcl8.5.so(+0x331f5) [0x7fdf7a3fb1f5]
/home/mark01/Vivado/2016.4/lib/lnx64.o/libtcl8.5.so(+0x34d6b) [0x7fdf7a3fcd6b]
/home/mark01/Vivado/2016.4/lib/lnx64.o/libtcl8.5.so(Tcl_EvalEx+0x16) [0x7fdf7a3fd276]
/home/mark01/Vivado/2016.4/lib/lnx64.o/libtcl8.5.so(Tcl_FSEvalFileEx+0x1d2) [0x7fdf7a461d02]
/home/mark01/Vivado/2016.4/lib/lnx64.o/librdi_commontasks.so(+0x2edfb2) [0x7fdf75d20fb2]
/home/mark01/Vivado/2016.4/lib/lnx64.o/librdi_common.so(+0x5f8f37) [0x7fdf7f4fbf37]
/home/mark01/Vivado/2016.4/lib/lnx64.o/libtcl8.5.so(+0x331f5) [0x7fdf7a3fb1f5]
/home/mark01/Vivado/2016.4/lib/lnx64.o/libtcl8.5.so(+0x34d6b) [0x7fdf7a3fcd6b]
/home/mark01/Vivado/2016.4/lib/lnx64.o/libtcl8.5.so(Tcl_EvalEx+0x16) [0x7fdf7a3fd276]
/home/mark01/Vivado/2016.4/lib/lnx64.o/libtcl8.5.so(TclEvalObjEx+0x3cf) [0x7fdf7a3fd67f]
/home/mark01/Vivado/2016.4/lib/lnx64.o/libtcl8.5.so(+0xb736e) [0x7fdf7a47f36e]
/home/mark01/Vivado/2016.4/lib/lnx64.o/libtcl8.5.so(+0x331f5) [0x7fdf7a3fb1f5]
/home/mark01/Vivado/2016.4/lib/lnx64.o/libtcl8.5.so(+0x76bbe) [0x7fdf7a43ebbe]
/home/mark01/Vivado/2016.4/lib/lnx64.o/libtcl8.5.so(TclObjInterpProcCore+0x2fb) [0x7fdf7a47fb8b]
/home/mark01/Vivado/2016.4/lib/lnx64.o/libtcl8.5.so(+0x331f5) [0x7fdf7a3fb1f5]
/home/mark01/Vivado/2016.4/lib/lnx64.o/libtcl8.5.so(+0x34d6b) [0x7fdf7a3fcd6b]
/home/mark01/Vivado/2016.4/lib/lnx64.o/libtcl8.5.so(Tcl_EvalEx+0x16) [0x7fdf7a3fd276]
/home/mark01/Vivado/2016.4/lib/lnx64.o/libtcl8.5.so(TclEvalObjEx+0x3cf) [0x7fdf7a3fd67f]
/home/mark01/Vivado/2016.4/lib/lnx64.o/libtcl8.5.so(+0xb736e) [0x7fdf7a47f36e]
/home/mark01/Vivado/2016.4/lib/lnx64.o/libtcl8.5.so(+0x331f5) [0x7fdf7a3fb1f5]
/home/mark01/Vivado/2016.4/lib/lnx64.o/libtcl8.5.so(+0x76bbe) [0x7fdf7a43ebbe]
/home/mark01/Vivado/2016.4/lib/lnx64.o/libtcl8.5.so(TclObjInterpProcCore+0x2fb) [0x7fdf7a47fb8b]
/home/mark01/Vivado/2016.4/lib/lnx64.o/libtcl8.5.so(+0x331f5) [0x7fdf7a3fb1f5]
/home/mark01/Vivado/2016.4/lib/lnx64.o/libtcl8.5.so(+0x34d6b) [0x7fdf7a3fcd6b]
/home/mark01/Vivado/2016.4/lib/lnx64.o/libtcl8.5.so(Tcl_EvalEx+0x16) [0x7fdf7a3fd276]
/home/mark01/Vivado/2016.4/lib/lnx64.o/libtcl8.5.so(TclEvalObjEx+0x213) [0x7fdf7a3fd4c3]
/home/mark01/Vivado/2016.4/lib/lnx64.o/libtcl8.5.so(+0x3b745) [0x7fdf7a403745]
/home/mark01/Vivado/2016.4/lib/lnx64.o/libtcl8.5.so(+0x331f5) [0x7fdf7a3fb1f5]
/home/mark01/Vivado/2016.4/lib/lnx64.o/libtcl8.5.so(+0x76bbe) [0x7fdf7a43ebbe]
/home/mark01/Vivado/2016.4/lib/lnx64.o/libtcl8.5.so(+0x7e767) [0x7fdf7a446767]
/home/mark01/Vivado/2016.4/lib/lnx64.o/libtcl8.5.so(TclEvalObjEx+0x77) [0x7fdf7a3fd327]
/home/mark01/Vivado/2016.4/lib/lnx64.o/librdi_commontasks.so(+0x2d0887) [0x7fdf75d03887]
/home/mark01/Vivado/2016.4/lib/lnx64.o/libtcl8.5.so(+0x331f5) [0x7fdf7a3fb1f5]
/home/mark01/Vivado/2016.4/lib/lnx64.o/libtcl8.5.so(+0x76bbe) [0x7fdf7a43ebbe]
/home/mark01/Vivado/2016.4/lib/lnx64.o/libtcl8.5.so(TclObjInterpProcCore+0x2fb) [0x7fdf7a47fb8b]
/home/mark01/Vivado/2016.4/lib/lnx64.o/libtcl8.5.so(+0x331f5) [0x7fdf7a3fb1f5]
/home/mark01/Vivado/2016.4/lib/lnx64.o/libtcl8.5.so(Tcl_EvalObjv+0x32) [0x7fdf7a3fb7e2]
/home/mark01/Vivado/2016.4/lib/lnx64.o/libtcl8.5.so(TclEvalObjEx+0x322) [0x7fdf7a3fd5d2]
/home/mark01/Vivado/2016.4/lib/lnx64.o/librdi_common.so(hdi::tcltasks::task_manager::eval_in_tcl(Tcl_Interp*, Tcl_Obj*, char const*, bool)+0x7fd) [0x7fdf7f4fd8fd]
/home/mark01/Vivado/2016.4/lib/lnx64.o/librdi_synth.so(HARTSWorker::runInternal()+0xf1) [0x7fdf4ee63141]
/home/mark01/Vivado/2016.4/lib/lnx64.o/librdi_synth.so(HARTSWorker::runJob(HARTSWorkerConfig&)+0x9b) [0x7fdf4ee63fbb]
/home/mark01/Vivado/2016.4/lib/lnx64.o/librdi_synth.so(HARTSWorker::mainLoop()+0x5b) [0x7fdf4ee640fb]
/home/mark01/Vivado/2016.4/lib/lnx64.o/librdi_synth.so(HARTNDb::parallelListen(char const*, char const*, char const*)+0x39) [0x7fdf4e6a89f9]
/home/mark01/Vivado/2016.4/lib/lnx64.o/librdi_synth.so(+0xbf3c3b) [0x7fdf4e7e5c3b]
/home/mark01/Vivado/2016.4/lib/lnx64.o/librdi_synth.so(+0xb4b265) [0x7fdf4e73d265]
/home/mark01/Vivado/2016.4/lib/lnx64.o/libtcl8.5.so(+0x331f5) [0x7fdf7a3fb1f5]
/home/mark01/Vivado/2016.4/lib/lnx64.o/libtcl8.5.so(+0x34d6b) [0x7fdf7a3fcd6b]
/home/mark01/Vivado/2016.4/lib/lnx64.o/libtcl8.5.so(Tcl_EvalEx+0x16) [0x7fdf7a3fd276]
/home/mark01/Vivado/2016.4/lib/lnx64.o/libtcl8.5.so(TclEvalObjEx+0x213) [0x7fdf7a3fd4c3]
/home/mark01/Vivado/2016.4/lib/lnx64.o/libtcl8.5.so(+0x3b745) [0x7fdf7a403745]
/home/mark01/Vivado/2016.4/lib/lnx64.o/libtcl8.5.so(+0x331f5) [0x7fdf7a3fb1f5]
/home/mark01/Vivado/2016.4/lib/lnx64.o/libtcl8.5.so(+0x76bbe) [0x7fdf7a43ebbe]
/home/mark01/Vivado/2016.4/lib/lnx64.o/libtcl8.5.so(+0x7e767) [0x7fdf7a446767]
/home/mark01/Vivado/2016.4/lib/lnx64.o/libtcl8.5.so(TclEvalObjEx+0x77) [0x7fdf7a3fd327]
/home/mark01/Vivado/2016.4/lib/lnx64.o/librdi_commontasks.so(+0x2d0924) [0x7fdf75d03924]
/home/mark01/Vivado/2016.4/lib/lnx64.o/libtcl8.5.so(+0x331f5) [0x7fdf7a3fb1f5]
/home/mark01/Vivado/2016.4/lib/lnx64.o/libtcl8.5.so(+0x76bbe) [0x7fdf7a43ebbe]
/home/mark01/Vivado/2016.4/lib/lnx64.o/libtcl8.5.so(TclObjInterpProcCore+0x2fb) [0x7fdf7a47fb8b]
/home/mark01/Vivado/2016.4/lib/lnx64.o/libtcl8.5.so(+0x331f5) [0x7fdf7a3fb1f5]
/home/mark01/Vivado/2016.4/lib/lnx64.o/libtcl8.5.so(+0x76bbe) [0x7fdf7a43ebbe]
/home/mark01/Vivado/2016.4/lib/lnx64.o/libtcl8.5.so(+0x7e767) [0x7fdf7a446767]
/home/mark01/Vivado/2016.4/lib/lnx64.o/libtcl8.5.so(TclEvalObjEx+0x77) [0x7fdf7a3fd327]
/home/mark01/Vivado/2016.4/lib/lnx64.o/libtcl8.5.so(+0x3eb6a) [0x7fdf7a406b6a]
/home/mark01/Vivado/2016.4/lib/lnx64.o/libtcl8.5.so(+0x331f5) [0x7fdf7a3fb1f5]
/home/mark01/Vivado/2016.4/lib/lnx64.o/libtcl8.5.so(+0x34d6b) [0x7fdf7a3fcd6b]
/home/mark01/Vivado/2016.4/lib/lnx64.o/libtcl8.5.so(Tcl_EvalEx+0x16) [0x7fdf7a3fd276]
/home/mark01/Vivado/2016.4/lib/lnx64.o/libtcl8.5.so(Tcl_FSEvalFileEx+0x1d2) [0x7fdf7a461d02]
/home/mark01/Vivado/2016.4/lib/lnx64.o/librdi_commontasks.so(+0x2edfb2) [0x7fdf75d20fb2]
/home/mark01/Vivado/2016.4/lib/lnx64.o/librdi_common.so(+0x5f8f37) [0x7fdf7f4fbf37]
/home/mark01/Vivado/2016.4/lib/lnx64.o/libtcl8.5.so(+0x331f5) [0x7fdf7a3fb1f5]
/home/mark01/Vivado/2016.4/lib/lnx64.o/libtcl8.5.so(Tcl_EvalObjv+0x32) [0x7fdf7a3fb7e2]
/home/mark01/Vivado/2016.4/lib/lnx64.o/libtcl8.5.so(TclEvalObjEx+0x322) [0x7fdf7a3fd5d2]
/home/mark01/Vivado/2016.4/lib/lnx64.o/librdi_commontasks.so(+0x30bef9) [0x7fdf75d3eef9]
/home/mark01/Vivado/2016.4/lib/lnx64.o/librdi_commontasks.so(+0x304d43) [0x7fdf75d37d43]
/home/mark01/Vivado/2016.4/lib/lnx64.o/librdi_common.so(+0x5f8f37) [0x7fdf7f4fbf37]
/home/mark01/Vivado/2016.4/lib/lnx64.o/libtcl8.5.so(+0x331f5) [0x7fdf7a3fb1f5]
/home/mark01/Vivado/2016.4/lib/lnx64.o/libtcl8.5.so(Tcl_EvalObjv+0x32) [0x7fdf7a3fb7e2]
/home/mark01/Vivado/2016.4/lib/lnx64.o/libtcl8.5.so(TclEvalObjEx+0x322) [0x7fdf7a3fd5d2]
/home/mark01/Vivado/2016.4/lib/lnx64.o/librdi_commonmain.so(+0x6430) [0x7fdf7ecfe430]
/home/mark01/Vivado/2016.4/lib/lnx64.o/libtcl8.5.so(Tcl_Main+0x1d5) [0x7fdf7a468175]
/home/mark01/Vivado/2016.4/lib/lnx64.o/librdi_common.so(+0x631d09) [0x7fdf7f534d09]
/lib/x86_64-linux-gnu/libpthread.so.0(+0x76fa) [0x7fdf7def86fa]
/lib/x86_64-linux-gnu/libc.so.6(clone+0x6d) [0x7fdf7e51db5d]
