#
# An unexpected error has occurred (6)
#
Stack:
/lib/x86_64-linux-gnu/libc.so.6(+0x354a0) [0x7fe3581e34a0]
/lib/x86_64-linux-gnu/libc.so.6(gsignal+0x38) [0x7fe3581e3418]
/lib/x86_64-linux-gnu/libc.so.6(abort+0x16a) [0x7fe3581e501a]
/home/mark01/Vivado/2016.4/lib/lnx64.o/libtcl8.5.so(Tcl_PanicVA+0x177) [0x7fe354209c07]
/home/mark01/Vivado/2016.4/lib/lnx64.o/libtcl8.5.so(Tcl_Panic+0x8c) [0x7fe354209cbc]
/home/mark01/Vivado/2016.4/lib/lnx64.o/libtcl8.5.so(TclStackFree+0x49) [0x7fe3541d4019]
/home/mark01/Vivado/2016.4/lib/lnx64.o/libtcl8.5.so(+0x75fcb) [0x7fe3541d4fcb]
/home/mark01/Vivado/2016.4/lib/lnx64.o/libtcl8.5.so(+0x7e767) [0x7fe3541dd767]
/home/mark01/Vivado/2016.4/lib/lnx64.o/libtcl8.5.so(TclEvalObjEx+0x77) [0x7fe354194327]
/home/mark01/Vivado/2016.4/lib/lnx64.o/libtcl8.5.so(+0xb740f) [0x7fe35421640f]
/home/mark01/Vivado/2016.4/lib/lnx64.o/libtcl8.5.so(+0x331f5) [0x7fe3541921f5]
/home/mark01/Vivado/2016.4/lib/lnx64.o/libtcl8.5.so(+0x76bbe) [0x7fe3541d5bbe]
/home/mark01/Vivado/2016.4/lib/lnx64.o/libtcl8.5.so(+0x7e767) [0x7fe3541dd767]
/home/mark01/Vivado/2016.4/lib/lnx64.o/libtcl8.5.so(TclEvalObjEx+0x77) [0x7fe354194327]
/home/mark01/Vivado/2016.4/lib/lnx64.o/librdi_commontasks.so(+0x2d0924) [0x7fe34fa9a924]
/home/mark01/Vivado/2016.4/lib/lnx64.o/libtcl8.5.so(+0x331f5) [0x7fe3541921f5]
/home/mark01/Vivado/2016.4/lib/lnx64.o/libtcl8.5.so(+0x34d6b) [0x7fe354193d6b]
/home/mark01/Vivado/2016.4/lib/lnx64.o/libtcl8.5.so(+0xad531) [0x7fe35420c531]
/home/mark01/Vivado/2016.4/lib/lnx64.o/libtcl8.5.so(+0x3491c) [0x7fe35419391c]
/home/mark01/Vivado/2016.4/lib/lnx64.o/libtcl8.5.so(Tcl_EvalEx+0x16) [0x7fe354194276]
/home/mark01/Vivado/2016.4/lib/lnx64.o/libtcl8.5.so(Tcl_FSEvalFileEx+0x1d2) [0x7fe3541f8d02]
/home/mark01/Vivado/2016.4/lib/lnx64.o/librdi_commontasks.so(+0x2edfb2) [0x7fe34fab7fb2]
/home/mark01/Vivado/2016.4/lib/lnx64.o/librdi_common.so(+0x5f8f37) [0x7fe359292f37]
/home/mark01/Vivado/2016.4/lib/lnx64.o/libtcl8.5.so(+0x331f5) [0x7fe3541921f5]
/home/mark01/Vivado/2016.4/lib/lnx64.o/libtcl8.5.so(Tcl_EvalObjv+0x32) [0x7fe3541927e2]
/home/mark01/Vivado/2016.4/lib/lnx64.o/libtcl8.5.so(TclEvalObjEx+0x322) [0x7fe3541945d2]
/home/mark01/Vivado/2016.4/lib/lnx64.o/librdi_common.so(hdi::tcltasks::task_manager::eval_in_tcl(Tcl_Interp*, Tcl_Obj*, char const*, bool)+0x7fd) [0x7fe3592948fd]
/home/mark01/Vivado/2016.4/lib/lnx64.o/librdi_designutils.so(HRTInvoker::inProcessLaunch(HDGUIStatus&)+0x1ef) [0x7fe3448a200f]
/home/mark01/Vivado/2016.4/lib/lnx64.o/librdi_designutils.so(HRTInvoker::launch(HDGUIStatus&)+0x4b5) [0x7fe3448a2d65]
/home/mark01/Vivado/2016.4/lib/lnx64.o/librdi_vivadotasks.so(+0x3c62b7) [0x7fe3252c42b7]
/home/mark01/Vivado/2016.4/lib/lnx64.o/librdi_vivadotasks.so(+0x3cda2f) [0x7fe3252cba2f]
/home/mark01/Vivado/2016.4/lib/lnx64.o/librdi_common.so(+0x5f8f37) [0x7fe359292f37]
/home/mark01/Vivado/2016.4/lib/lnx64.o/libtcl8.5.so(+0x331f5) [0x7fe3541921f5]
/home/mark01/Vivado/2016.4/lib/lnx64.o/libtcl8.5.so(+0x34d6b) [0x7fe354193d6b]
/home/mark01/Vivado/2016.4/lib/lnx64.o/libtcl8.5.so(Tcl_EvalEx+0x16) [0x7fe354194276]
/home/mark01/Vivado/2016.4/lib/lnx64.o/libtcl8.5.so(Tcl_FSEvalFileEx+0x1d2) [0x7fe3541f8d02]
/home/mark01/Vivado/2016.4/lib/lnx64.o/librdi_commontasks.so(+0x2edfb2) [0x7fe34fab7fb2]
/home/mark01/Vivado/2016.4/lib/lnx64.o/librdi_common.so(+0x5f8f37) [0x7fe359292f37]
/home/mark01/Vivado/2016.4/lib/lnx64.o/libtcl8.5.so(+0x331f5) [0x7fe3541921f5]
/home/mark01/Vivado/2016.4/lib/lnx64.o/libtcl8.5.so(Tcl_EvalObjv+0x32) [0x7fe3541927e2]
/home/mark01/Vivado/2016.4/lib/lnx64.o/libtcl8.5.so(TclEvalObjEx+0x322) [0x7fe3541945d2]
/home/mark01/Vivado/2016.4/lib/lnx64.o/librdi_commontasks.so(+0x30bef9) [0x7fe34fad5ef9]
/home/mark01/Vivado/2016.4/lib/lnx64.o/librdi_commontasks.so(+0x304d43) [0x7fe34faced43]
/home/mark01/Vivado/2016.4/lib/lnx64.o/librdi_common.so(+0x5f8f37) [0x7fe359292f37]
/home/mark01/Vivado/2016.4/lib/lnx64.o/libtcl8.5.so(+0x331f5) [0x7fe3541921f5]
/home/mark01/Vivado/2016.4/lib/lnx64.o/libtcl8.5.so(Tcl_EvalObjv+0x32) [0x7fe3541927e2]
/home/mark01/Vivado/2016.4/lib/lnx64.o/libtcl8.5.so(TclEvalObjEx+0x322) [0x7fe3541945d2]
/home/mark01/Vivado/2016.4/lib/lnx64.o/librdi_commonmain.so(+0x6430) [0x7fe358a95430]
/home/mark01/Vivado/2016.4/lib/lnx64.o/libtcl8.5.so(Tcl_Main+0x1d5) [0x7fe3541ff175]
/home/mark01/Vivado/2016.4/lib/lnx64.o/librdi_common.so(+0x631d09) [0x7fe3592cbd09]
/lib/x86_64-linux-gnu/libpthread.so.0(+0x76fa) [0x7fe357c8f6fa]
/lib/x86_64-linux-gnu/libc.so.6(clone+0x6d) [0x7fe3582b4b5d]
